Generated at 2014-09-12 09:32:04 +0000
Mixlib::ShellOut::ShellCommandFailed: execute[runjboss] (jboss::default line 37) had an error: Mixlib::ShellOut::ShellCommandFailed: Expected process to exit with [0], but received '127'
---- Begin output of bash standalone.sh ----
STDOUT: =========================================================================

  JBoss Bootstrap Environment

  JBOSS_HOME: /opt/jboss/jboss-as-7.1.1.Final

  JAVA: java

  JAVA_OPTS:  -server -Xms64m -Xmx512m -XX:MaxPermSize=256m -Djava.net.preferIPv4Stack=true -Dorg.jboss.resolver.warning=true -Dsun.rmi.dgc.client.gcInterval=3600000 -Dsun.rmi.dgc.server.gcInterval=3600000 -Djboss.modules.system.pkgs=org.jboss.byteman -Djava.awt.headless=true -Djboss.server.default.config=standalone.xml

=========================================================================
STDERR: standalone.sh: line 178: java: command not found
---- End output of bash standalone.sh ----
Ran bash standalone.sh returned 127
/opt/chef/embedded/lib/ruby/gems/1.9.1/gems/mixlib-shellout-1.4.0/lib/mixlib/shellout.rb:257:in `invalid!'
/opt/chef/embedded/lib/ruby/gems/1.9.1/gems/mixlib-shellout-1.4.0/lib/mixlib/shellout.rb:244:in `error!'
/opt/chef/embedded/lib/ruby/gems/1.9.1/gems/chef-11.16.0/lib/chef/mixin/shell_out.rb:43:in `shell_out!'
/opt/chef/embedded/lib/ruby/gems/1.9.1/gems/chef-11.16.0/lib/chef/provider/execute.rb:60:in `block in action_run'
/opt/chef/embedded/lib/ruby/gems/1.9.1/gems/chef-11.16.0/lib/chef/mixin/why_run.rb:52:in `call'
/opt/chef/embedded/lib/ruby/gems/1.9.1/gems/chef-11.16.0/lib/chef/mixin/why_run.rb:52:in `add_action'
/opt/chef/embedded/lib/ruby/gems/1.9.1/gems/chef-11.16.0/lib/chef/provider.rb:156:in `converge_by'
/opt/chef/embedded/lib/ruby/gems/1.9.1/gems/chef-11.16.0/lib/chef/provider/execute.rb:59:in `action_run'
/opt/chef/embedded/lib/ruby/gems/1.9.1/gems/chef-11.16.0/lib/chef/provider.rb:121:in `run_action'
/opt/chef/embedded/lib/ruby/gems/1.9.1/gems/chef-11.16.0/lib/chef/resource.rb:648:in `run_action'
/opt/chef/embedded/lib/ruby/gems/1.9.1/gems/chef-11.16.0/lib/chef/runner.rb:49:in `run_action'
/opt/chef/embedded/lib/ruby/gems/1.9.1/gems/chef-11.16.0/lib/chef/runner.rb:81:in `block (2 levels) in converge'
/opt/chef/embedded/lib/ruby/gems/1.9.1/gems/chef-11.16.0/lib/chef/runner.rb:81:in `each'
/opt/chef/embedded/lib/ruby/gems/1.9.1/gems/chef-11.16.0/lib/chef/runner.rb:81:in `block in converge'
/opt/chef/embedded/lib/ruby/gems/1.9.1/gems/chef-11.16.0/lib/chef/resource_collection.rb:98:in `block in execute_each_resource'
/opt/chef/embedded/lib/ruby/gems/1.9.1/gems/chef-11.16.0/lib/chef/resource_collection/stepable_iterator.rb:116:in `call'
/opt/chef/embedded/lib/ruby/gems/1.9.1/gems/chef-11.16.0/lib/chef/resource_collection/stepable_iterator.rb:116:in `call_iterator_block'
/opt/chef/embedded/lib/ruby/gems/1.9.1/gems/chef-11.16.0/lib/chef/resource_collection/stepable_iterator.rb:85:in `step'
/opt/chef/embedded/lib/ruby/gems/1.9.1/gems/chef-11.16.0/lib/chef/resource_collection/stepable_iterator.rb:104:in `iterate'
/opt/chef/embedded/lib/ruby/gems/1.9.1/gems/chef-11.16.0/lib/chef/resource_collection/stepable_iterator.rb:55:in `each_with_index'
/opt/chef/embedded/lib/ruby/gems/1.9.1/gems/chef-11.16.0/lib/chef/resource_collection.rb:96:in `execute_each_resource'
/opt/chef/embedded/lib/ruby/gems/1.9.1/gems/chef-11.16.0/lib/chef/runner.rb:80:in `converge'
/opt/chef/embedded/lib/ruby/gems/1.9.1/gems/chef-11.16.0/lib/chef/client.rb:345:in `converge'
/opt/chef/embedded/lib/ruby/gems/1.9.1/gems/chef-11.16.0/lib/chef/client.rb:431:in `do_run'
/opt/chef/embedded/lib/ruby/gems/1.9.1/gems/chef-11.16.0/lib/chef/client.rb:213:in `block in run'
/opt/chef/embedded/lib/ruby/gems/1.9.1/gems/chef-11.16.0/lib/chef/client.rb:207:in `fork'
/opt/chef/embedded/lib/ruby/gems/1.9.1/gems/chef-11.16.0/lib/chef/client.rb:207:in `run'
/opt/chef/embedded/lib/ruby/gems/1.9.1/gems/chef-11.16.0/lib/chef/application.rb:236:in `run_chef_client'
/opt/chef/embedded/lib/ruby/gems/1.9.1/gems/chef-11.16.0/lib/chef/application/solo.rb:226:in `block in run_application'
/opt/chef/embedded/lib/ruby/gems/1.9.1/gems/chef-11.16.0/lib/chef/application/solo.rb:218:in `loop'
/opt/chef/embedded/lib/ruby/gems/1.9.1/gems/chef-11.16.0/lib/chef/application/solo.rb:218:in `run_application'
/opt/chef/embedded/lib/ruby/gems/1.9.1/gems/chef-11.16.0/lib/chef/application.rb:55:in `run'
/opt/chef/embedded/lib/ruby/gems/1.9.1/gems/chef-11.16.0/bin/chef-solo:25:in `<top (required)>'
/usr/bin/chef-solo:23:in `load'
/usr/bin/chef-solo:23:in `<main>'